<?xml version="1.0" encoding="UTF-8"?>
<testng-results total="3" passed="3" failed="0" skipped="0">
  <reporter-output>
  </reporter-output>
  <suite started-at="2022-10-20T15:33:23Z" name="Surefire suite" finished-at="2022-10-20T15:33:59Z" duration-ms="35584">
    <groups>
    </groups>
    <test started-at="2022-10-20T15:33:23Z" name="Surefire test" finished-at="2022-10-20T15:33:59Z" duration-ms="35584">
      <class name="casestudy.testng">
        <test-method is-config="true" signature="test1()[pri:0, instance:casestudy.testng@44c03695]" started-at="2022-10-20T21:03:23Z" name="test1" finished-at="2022-10-20T21:03:48Z" duration-ms="24273" status="PASS">
          <reporter-output>
          </reporter-output>
        </test-method> <!-- test1 -->
        <test-method signature="test2()[pri:0, instance:casestudy.testng@44c03695]" started-at="2022-10-20T21:03:48Z" name="test2" finished-at="2022-10-20T21:03:50Z" duration-ms="2143" status="PASS">
          <reporter-output>
          </reporter-output>
        </test-method> <!-- test2 -->
        <test-method signature="test3()[pri:1, instance:casestudy.testng@44c03695]" started-at="2022-10-20T21:03:50Z" name="test3" finished-at="2022-10-20T21:03:56Z" duration-ms="5865" status="PASS">
          <reporter-output>
          </reporter-output>
        </test-method> <!-- test3 -->
        <test-method signature="test5()[pri:2, instance:casestudy.testng@44c03695]" started-at="2022-10-20T21:03:56Z" name="test5" finished-at="2022-10-20T21:03:57Z" duration-ms="1222" status="PASS">
          <reporter-output>
          </reporter-output>
        </test-method> <!-- test5 -->
        <test-method is-config="true" signature="test4()[pri:0, instance:casestudy.testng@44c03695]" started-at="2022-10-20T21:03:57Z" name="test4" finished-at="2022-10-20T21:03:59Z" duration-ms="2047" status="PASS">
          <reporter-output>
          </reporter-output>
        </test-method> <!-- test4 -->
      </class> <!-- casestudy.testng -->
    </test> <!-- Surefire test -->
  </suite> <!-- Surefire suite -->
</testng-results>
