<?xml version="1.0" encoding="UTF-8"?>
<testng-results total="3" passed="3" failed="0" skipped="0">
  <reporter-output>
  </reporter-output>
  <suite started-at="2022-10-20T10:07:29Z" name="Default suite" finished-at="2022-10-20T10:08:19Z" duration-ms="50553">
    <groups>
    </groups>
    <test started-at="2022-10-20T10:07:29Z" name="Default test" finished-at="2022-10-20T10:08:19Z" duration-ms="50553">
      <class name="casestudy.testng">
        <test-method is-config="true" signature="test1()[pri:0, instance:casestudy.testng@46b61c56]" started-at="2022-10-20T15:37:29Z" name="test1" finished-at="2022-10-20T15:37:50Z" duration-ms="21940" status="PASS">
          <reporter-output>
          </reporter-output>
        </test-method> <!-- test1 -->
        <test-method signature="test2()[pri:0, instance:casestudy.testng@46b61c56]" started-at="2022-10-20T15:37:50Z" name="test2" finished-at="2022-10-20T15:37:55Z" duration-ms="4787" status="PASS">
          <reporter-output>
          </reporter-output>
        </test-method> <!-- test2 -->
        <test-method signature="test3()[pri:1, instance:casestudy.testng@46b61c56]" started-at="2022-10-20T15:37:55Z" name="test3" finished-at="2022-10-20T15:38:02Z" duration-ms="6656" status="PASS">
          <reporter-output>
          </reporter-output>
        </test-method> <!-- test3 -->
        <test-method signature="test5()[pri:2, instance:casestudy.testng@46b61c56]" started-at="2022-10-20T15:38:02Z" name="test5" finished-at="2022-10-20T15:38:04Z" duration-ms="2269" status="PASS">
          <reporter-output>
          </reporter-output>
        </test-method> <!-- test5 -->
        <test-method is-config="true" signature="test4()[pri:0, instance:casestudy.testng@46b61c56]" started-at="2022-10-20T15:38:04Z" name="test4" finished-at="2022-10-20T15:38:19Z" duration-ms="14819" status="PASS">
          <reporter-output>
          </reporter-output>
        </test-method> <!-- test4 -->
      </class> <!-- casestudy.testng -->
    </test> <!-- Default test -->
  </suite> <!-- Default suite -->
</testng-results>
